<?xml version="1.0" encoding="UTF-8"?>
<!-- Generated by org.testng.reporters.JUnitXMLReporter -->
<testsuite ignored="0" hostname="DESKTOP-VRBAL0D" failures="0" tests="4" name="Default test" time="76.317" errors="0" timestamp="2023-01-25T21:05:53 IST">
  <testcase classname="com.ohrm.testcases.LoginPageTest" name="companyLinkTest" time="1.228"/>
  <testcase classname="com.ohrm.testcases.LoginPageTest" name="forgotPasswordTest" time="3.106"/>
  <testcase classname="com.ohrm.testcases.LoginPageTest" name="validateLogin" time="3.619"/>
  <testcase classname="com.ohrm.testcases.LoginPageTest" name="validateTitleTest" time="3.216"/>
</testsuite> <!-- Default test -->
