<?xml version="1.0" encoding="UTF-8"?>
<!-- Generated by org.testng.reporters.JUnitXMLReporter -->
<testsuite ignored="0" hostname="DESKTOP-VRBAL0D" failures="0" tests="5" name="Test" time="86.864" errors="0" timestamp="2023-01-30T20:44:24 IST">
  <testcase classname="com.ohrm.testcases.LoginPageTest" name="companyLinkTest" time="0.86"/>
  <testcase classname="com.ohrm.testcases.LoginPageTest" name="forgotPasswordTest" time="2.11"/>
  <testcase classname="com.ohrm.testcases.LoginPageTest" name="validateLogin" time="2.786"/>
  <testcase classname="com.ohrm.testcases.LoginPageTest" name="validateTitleTest" time="3.21"/>
  <testcase classname="com.ohrm.testcases.DashboardPageTest" name="myActionSection" time="0.429"/>
</testsuite> <!-- Test -->
