<?xml version="1.0" encoding="UTF-8"?>
<!-- Generated by org.testng.reporters.JUnitXMLReporter -->
<testsuite ignored="0" hostname="DESKTOP-VRBAL0D" failures="0" tests="5" name="Test" time="139.147" errors="0" timestamp="2023-01-30T20:54:08 IST">
  <testcase classname="com.ohrm.testcases.LoginPageTest" name="companyLinkTest" time="1.321"/>
  <testcase classname="com.ohrm.testcases.LoginPageTest" name="forgotPasswordTest" time="3.803"/>
  <testcase classname="com.ohrm.testcases.LoginPageTest" name="validateLogin" time="6.753"/>
  <testcase classname="com.ohrm.testcases.LoginPageTest" name="validateTitleTest" time="3.206"/>
  <testcase classname="com.ohrm.testcases.DashboardPageTest" name="myActionSection" time="0.463"/>
</testsuite> <!-- Test -->
