<?xml version="1.0" encoding="UTF-8"?>
<testng-results ignored="0" total="5" passed="5" failed="0" skipped="0">
  <reporter-output>
  </reporter-output>
  <suite started-at="2023-01-30T20:51:49 IST" name="Suite" finished-at="2023-01-30T20:54:08 IST" duration-ms="139147">
    <groups>
    </groups>
    <test started-at="2023-01-30T20:51:49 IST" name="Test" finished-at="2023-01-30T20:54:08 IST" duration-ms="139147">
      <class name="com.ohrm.testcases.DashboardPageTest">
        <test-method is-config="true" signature="browserConfig()[pri:0, instance:com.ohrm.testcases.DashboardPageTest@58d75e99]" started-at="2023-01-30T20:53:44 IST" name="browserConfig" finished-at="2023-01-30T20:54:06 IST" duration-ms="22327" status="PASS">
          <reporter-output>
          </reporter-output>
        </test-method> <!-- browserConfig -->
        <test-method signature="myActionSection()[pri:0, instance:com.ohrm.testcases.DashboardPageTest@58d75e99]" started-at="2023-01-30T20:54:06 IST" name="myActionSection" finished-at="2023-01-30T20:54:07 IST" duration-ms="463" status="PASS">
          <reporter-output>
          </reporter-output>
        </test-method> <!-- myActionSection -->
        <test-method is-config="true" signature="closeSetup()[pri:0, instance:com.ohrm.testcases.DashboardPageTest@58d75e99]" started-at="2023-01-30T20:54:07 IST" name="closeSetup" finished-at="2023-01-30T20:54:08 IST" duration-ms="1038" status="PASS">
          <reporter-output>
          </reporter-output>
        </test-method> <!-- closeSetup -->
      </class> <!-- com.ohrm.testcases.DashboardPageTest -->
      <class name="com.ohrm.testcases.LoginPageTest">
        <test-method is-config="true" signature="browserConfig()[pri:0, instance:com.ohrm.testcases.LoginPageTest@1b1426f4]" started-at="2023-01-30T20:51:49 IST" name="browserConfig" finished-at="2023-01-30T20:52:20 IST" duration-ms="30822" status="PASS">
          <reporter-output>
          </reporter-output>
        </test-method> <!-- browserConfig -->
        <test-method signature="companyLinkTest()[pri:0, instance:com.ohrm.testcases.LoginPageTest@1b1426f4]" started-at="2023-01-30T20:52:20 IST" name="companyLinkTest" finished-at="2023-01-30T20:52:21 IST" duration-ms="1321" status="PASS">
          <reporter-output>
          </reporter-output>
        </test-method> <!-- companyLinkTest -->
        <test-method is-config="true" signature="closeBrowser()[pri:0, instance:com.ohrm.testcases.LoginPageTest@1b1426f4]" started-at="2023-01-30T20:52:21 IST" name="closeBrowser" finished-at="2023-01-30T20:52:22 IST" duration-ms="899" status="PASS">
          <reporter-output>
          </reporter-output>
        </test-method> <!-- closeBrowser -->
        <test-method is-config="true" signature="browserConfig()[pri:0, instance:com.ohrm.testcases.LoginPageTest@1b1426f4]" started-at="2023-01-30T20:52:22 IST" name="browserConfig" finished-at="2023-01-30T20:52:40 IST" duration-ms="18158" status="PASS">
          <reporter-output>
          </reporter-output>
        </test-method> <!-- browserConfig -->
        <test-method signature="forgotPasswordTest()[pri:0, instance:com.ohrm.testcases.LoginPageTest@1b1426f4]" started-at="2023-01-30T20:52:40 IST" name="forgotPasswordTest" finished-at="2023-01-30T20:52:44 IST" duration-ms="3803" status="PASS">
          <reporter-output>
          </reporter-output>
        </test-method> <!-- forgotPasswordTest -->
        <test-method is-config="true" signature="closeBrowser()[pri:0, instance:com.ohrm.testcases.LoginPageTest@1b1426f4]" started-at="2023-01-30T20:52:44 IST" name="closeBrowser" finished-at="2023-01-30T20:52:45 IST" duration-ms="900" status="PASS">
          <reporter-output>
          </reporter-output>
        </test-method> <!-- closeBrowser -->
        <test-method is-config="true" signature="browserConfig()[pri:0, instance:com.ohrm.testcases.LoginPageTest@1b1426f4]" started-at="2023-01-30T20:52:45 IST" name="browserConfig" finished-at="2023-01-30T20:53:14 IST" duration-ms="29246" status="PASS">
          <reporter-output>
          </reporter-output>
        </test-method> <!-- browserConfig -->
        <test-method signature="validateLogin()[pri:0, instance:com.ohrm.testcases.LoginPageTest@1b1426f4]" started-at="2023-01-30T20:53:14 IST" name="validateLogin" finished-at="2023-01-30T20:53:21 IST" duration-ms="6753" status="PASS">
          <reporter-output>
          </reporter-output>
        </test-method> <!-- validateLogin -->
        <test-method is-config="true" signature="closeBrowser()[pri:0, instance:com.ohrm.testcases.LoginPageTest@1b1426f4]" started-at="2023-01-30T20:53:21 IST" name="closeBrowser" finished-at="2023-01-30T20:53:22 IST" duration-ms="1132" status="PASS">
          <reporter-output>
          </reporter-output>
        </test-method> <!-- closeBrowser -->
        <test-method is-config="true" signature="browserConfig()[pri:0, instance:com.ohrm.testcases.LoginPageTest@1b1426f4]" started-at="2023-01-30T20:53:22 IST" name="browserConfig" finished-at="2023-01-30T20:53:40 IST" duration-ms="17750" status="PASS">
          <reporter-output>
          </reporter-output>
        </test-method> <!-- browserConfig -->
        <test-method signature="validateTitleTest()[pri:0, instance:com.ohrm.testcases.LoginPageTest@1b1426f4]" started-at="2023-01-30T20:53:40 IST" name="validateTitleTest" finished-at="2023-01-30T20:53:43 IST" duration-ms="3206" status="PASS">
          <reporter-output>
          </reporter-output>
        </test-method> <!-- validateTitleTest -->
        <test-method is-config="true" signature="closeBrowser()[pri:0, instance:com.ohrm.testcases.LoginPageTest@1b1426f4]" started-at="2023-01-30T20:53:43 IST" name="closeBrowser" finished-at="2023-01-30T20:53:44 IST" duration-ms="1279" status="PASS">
          <reporter-output>
          </reporter-output>
        </test-method> <!-- closeBrowser -->
      </class> <!-- com.ohrm.testcases.LoginPageTest -->
    </test> <!-- Test -->
  </suite> <!-- Suite -->
</testng-results>
