<?xml version="1.0" encoding="UTF-8"?>
<testng-results ignored="0" total="5" passed="5" failed="0" skipped="0">
  <reporter-output>
  </reporter-output>
  <suite started-at="2023-01-30T20:42:57 IST" name="Suite" finished-at="2023-01-30T20:44:24 IST" duration-ms="86864">
    <groups>
    </groups>
    <test started-at="2023-01-30T20:42:57 IST" name="Test" finished-at="2023-01-30T20:44:24 IST" duration-ms="86864">
      <class name="com.ohrm.testcases.DashboardPageTest">
        <test-method is-config="true" signature="browserConfig()[pri:0, instance:com.ohrm.testcases.DashboardPageTest@4efac082]" started-at="2023-01-30T20:44:08 IST" name="browserConfig" finished-at="2023-01-30T20:44:22 IST" duration-ms="14082" status="PASS">
          <reporter-output>
          </reporter-output>
        </test-method> <!-- browserConfig -->
        <test-method signature="myActionSection()[pri:0, instance:com.ohrm.testcases.DashboardPageTest@4efac082]" started-at="2023-01-30T20:44:22 IST" name="myActionSection" finished-at="2023-01-30T20:44:22 IST" duration-ms="429" status="PASS">
          <reporter-output>
          </reporter-output>
        </test-method> <!-- myActionSection -->
        <test-method is-config="true" signature="closeSetup()[pri:0, instance:com.ohrm.testcases.DashboardPageTest@4efac082]" started-at="2023-01-30T20:44:22 IST" name="closeSetup" finished-at="2023-01-30T20:44:24 IST" duration-ms="1103" status="PASS">
          <reporter-output>
          </reporter-output>
        </test-method> <!-- closeSetup -->
      </class> <!-- com.ohrm.testcases.DashboardPageTest -->
      <class name="com.ohrm.testcases.LoginPageTest">
        <test-method is-config="true" signature="browserConfig()[pri:0, instance:com.ohrm.testcases.LoginPageTest@52af26ee]" started-at="2023-01-30T20:42:57 IST" name="browserConfig" finished-at="2023-01-30T20:43:15 IST" duration-ms="17843" status="PASS">
          <reporter-output>
          </reporter-output>
        </test-method> <!-- browserConfig -->
        <test-method signature="companyLinkTest()[pri:0, instance:com.ohrm.testcases.LoginPageTest@52af26ee]" started-at="2023-01-30T20:43:15 IST" name="companyLinkTest" finished-at="2023-01-30T20:43:15 IST" duration-ms="860" status="PASS">
          <reporter-output>
          </reporter-output>
        </test-method> <!-- companyLinkTest -->
        <test-method is-config="true" signature="closeBrowser()[pri:0, instance:com.ohrm.testcases.LoginPageTest@52af26ee]" started-at="2023-01-30T20:43:15 IST" name="closeBrowser" finished-at="2023-01-30T20:43:16 IST" duration-ms="841" status="PASS">
          <reporter-output>
          </reporter-output>
        </test-method> <!-- closeBrowser -->
        <test-method is-config="true" signature="browserConfig()[pri:0, instance:com.ohrm.testcases.LoginPageTest@52af26ee]" started-at="2023-01-30T20:43:16 IST" name="browserConfig" finished-at="2023-01-30T20:43:31 IST" duration-ms="14785" status="PASS">
          <reporter-output>
          </reporter-output>
        </test-method> <!-- browserConfig -->
        <test-method signature="forgotPasswordTest()[pri:0, instance:com.ohrm.testcases.LoginPageTest@52af26ee]" started-at="2023-01-30T20:43:31 IST" name="forgotPasswordTest" finished-at="2023-01-30T20:43:33 IST" duration-ms="2110" status="PASS">
          <reporter-output>
          </reporter-output>
        </test-method> <!-- forgotPasswordTest -->
        <test-method is-config="true" signature="closeBrowser()[pri:0, instance:com.ohrm.testcases.LoginPageTest@52af26ee]" started-at="2023-01-30T20:43:33 IST" name="closeBrowser" finished-at="2023-01-30T20:43:34 IST" duration-ms="950" status="PASS">
          <reporter-output>
          </reporter-output>
        </test-method> <!-- closeBrowser -->
        <test-method is-config="true" signature="browserConfig()[pri:0, instance:com.ohrm.testcases.LoginPageTest@52af26ee]" started-at="2023-01-30T20:43:34 IST" name="browserConfig" finished-at="2023-01-30T20:43:47 IST" duration-ms="12506" status="PASS">
          <reporter-output>
          </reporter-output>
        </test-method> <!-- browserConfig -->
        <test-method signature="validateLogin()[pri:0, instance:com.ohrm.testcases.LoginPageTest@52af26ee]" started-at="2023-01-30T20:43:47 IST" name="validateLogin" finished-at="2023-01-30T20:43:49 IST" duration-ms="2786" status="PASS">
          <reporter-output>
          </reporter-output>
        </test-method> <!-- validateLogin -->
        <test-method is-config="true" signature="closeBrowser()[pri:0, instance:com.ohrm.testcases.LoginPageTest@52af26ee]" started-at="2023-01-30T20:43:49 IST" name="closeBrowser" finished-at="2023-01-30T20:43:50 IST" duration-ms="875" status="PASS">
          <reporter-output>
          </reporter-output>
        </test-method> <!-- closeBrowser -->
        <test-method is-config="true" signature="browserConfig()[pri:0, instance:com.ohrm.testcases.LoginPageTest@52af26ee]" started-at="2023-01-30T20:43:50 IST" name="browserConfig" finished-at="2023-01-30T20:44:04 IST" duration-ms="13400" status="PASS">
          <reporter-output>
          </reporter-output>
        </test-method> <!-- browserConfig -->
        <test-method signature="validateTitleTest()[pri:0, instance:com.ohrm.testcases.LoginPageTest@52af26ee]" started-at="2023-01-30T20:44:04 IST" name="validateTitleTest" finished-at="2023-01-30T20:44:07 IST" duration-ms="3210" status="PASS">
          <reporter-output>
          </reporter-output>
        </test-method> <!-- validateTitleTest -->
        <test-method is-config="true" signature="closeBrowser()[pri:0, instance:com.ohrm.testcases.LoginPageTest@52af26ee]" started-at="2023-01-30T20:44:07 IST" name="closeBrowser" finished-at="2023-01-30T20:44:08 IST" duration-ms="1001" status="PASS">
          <reporter-output>
          </reporter-output>
        </test-method> <!-- closeBrowser -->
      </class> <!-- com.ohrm.testcases.LoginPageTest -->
    </test> <!-- Test -->
  </suite> <!-- Suite -->
</testng-results>
